{"/app/src/Logger.js": {"path":"/app/src/Logger.js","statementMap":{"0":{"start":{"line":3,"column":18},"end":{"line":10,"column":3}},"1":{"start":{"line":11,"column":2},"end":{"line":11,"column":39}},"2":{"start":{"line":14,"column":22},"end":{"line":19,"column":1}},"3":{"start":{"line":15,"column":39},"end":{"line":15,"column":77}},"4":{"start":{"line":16,"column":40},"end":{"line":16,"column":79}},"5":{"start":{"line":17,"column":39},"end":{"line":17,"column":77}},"6":{"start":{"line":18,"column":40},"end":{"line":18,"column":79}}},"fnMap":{"0":{"name":"log","decl":{"start":{"line":2,"column":9},"end":{"line":2,"column":12}},"loc":{"start":{"line":2,"column":48},"end":{"line":12,"column":1}},"line":2},"1":{"name":"(anonymous_1)","decl":{"start":{"line":15,"column":8},"end":{"line":15,"column":9}},"loc":{"start":{"line":15,"column":39},"end":{"line":15,"column":77}},"line":15},"2":{"name":"(anonymous_2)","decl":{"start":{"line":16,"column":9},"end":{"line":16,"column":10}},"loc":{"start":{"line":16,"column":40},"end":{"line":16,"column":79}},"line":16},"3":{"name":"(anonymous_3)","decl":{"start":{"line":17,"column":8},"end":{"line":17,"column":9}},"loc":{"start":{"line":17,"column":39},"end":{"line":17,"column":77}},"line":17},"4":{"name":"(anonymous_4)","decl":{"start":{"line":18,"column":9},"end":{"line":18,"column":10}},"loc":{"start":{"line":18,"column":40},"end":{"line":18,"column":79}},"line":18}},"branchMap":{"0":{"loc":{"start":{"line":2,"column":37},"end":{"line":2,"column":46}},"type":"default-arg","locations":[{"start":{"line":2,"column":44},"end":{"line":2,"column":46}}],"line":2}},"s":{"0":8,"1":8,"2":1,"3":5,"4":1,"5":1,"6":1},"f":{"0":8,"1":5,"2":1,"3":1,"4":1},"b":{"0":[4]},"inputSourceMap":null,"_coverageSchema":"1a1c01bbd47fc00a2c39e90264f33305004495a9","hash":"13a1e3ca8cab23a49a84873b905fd561e144e4a5"}
}
